<?xml version="1.0" encoding="UTF-8"?>
<coverage generated="1763927673386" clover="3.2.0">
  <project timestamp="1763927673386" name="All files">
    <metrics statements="24" coveredstatements="21" conditionals="12" coveredconditionals="8" methods="5" coveredmethods="4" elements="41" coveredelements="33" complexity="0" loc="24" ncloc="24" packages="1" files="1" classes="1"/>
    <file name="app.js" path="/Users/romulo/Documents/DevOps Software Enginnering/Task3 - Pipeline and Jenkins/backend/src/app.js">
      <metrics statements="24" coveredstatements="21" conditionals="12" coveredconditionals="8" methods="5" coveredmethods="4"/>
      <line num="1" count="1" type="stmt"/>
      <line num="2" count="1" type="stmt"/>
      <line num="3" count="1" type="stmt"/>
      <line num="5" count="1" type="stmt"/>
      <line num="8" count="1" type="stmt"/>
      <line num="12" count="1" type="stmt"/>
      <line num="15" count="1" type="stmt"/>
      <line num="18" count="1" type="stmt"/>
      <line num="19" count="3" type="stmt"/>
      <line num="28" count="1" type="stmt"/>
      <line num="31" count="1" type="stmt"/>
      <line num="32" count="6" type="stmt"/>
      <line num="39" count="1" type="stmt"/>
      <line num="40" count="3" type="cond" truecount="4" falsecount="0"/>
      <line num="41" count="2" type="stmt"/>
      <line num="43" count="1" type="stmt"/>
      <line num="47" count="1" type="stmt"/>
      <line num="48" count="1" type="stmt"/>
      <line num="55" count="1" type="cond" truecount="2" falsecount="0"/>
      <line num="58" count="1" type="cond" truecount="1" falsecount="1"/>
      <line num="59" count="0" type="stmt"/>
      <line num="60" count="0" type="stmt"/>
      <line num="61" count="0" type="cond" truecount="0" falsecount="2"/>
      <line num="65" count="1" type="stmt"/>
    </file>
  </project>
</coverage>
