{"/Users/romulo/Documents/DevOps Software Enginnering/Task3 - Pipeline and Jenkins/backend/src/app.js": {"path":"/Users/romulo/Documents/DevOps Software Enginnering/Task3 - Pipeline and Jenkins/backend/src/app.js","statementMap":{"0":{"start":{"line":1,"column":16},"end":{"line":1,"column":34}},"1":{"start":{"line":2,"column":19},"end":{"line":2,"column":44}},"2":{"start":{"line":3,"column":13},"end":{"line":3,"column":28}},"3":{"start":{"line":5,"column":12},"end":{"line":5,"column":21}},"4":{"start":{"line":8,"column":0},"end":{"line":10,"column":4}},"5":{"start":{"line":12,"column":0},"end":{"line":12,"column":48}},"6":{"start":{"line":15,"column":0},"end":{"line":15,"column":64}},"7":{"start":{"line":18,"column":0},"end":{"line":25,"column":3}},"8":{"start":{"line":19,"column":4},"end":{"line":24,"column":7}},"9":{"start":{"line":28,"column":0},"end":{"line":28,"column":34}},"10":{"start":{"line":31,"column":0},"end":{"line":36,"column":3}},"11":{"start":{"line":32,"column":4},"end":{"line":35,"column":7}},"12":{"start":{"line":39,"column":0},"end":{"line":44,"column":3}},"13":{"start":{"line":40,"column":4},"end":{"line":42,"column":5}},"14":{"start":{"line":41,"column":8},"end":{"line":41,"column":79}},"15":{"start":{"line":43,"column":4},"end":{"line":43,"column":11}},"16":{"start":{"line":47,"column":0},"end":{"line":52,"column":3}},"17":{"start":{"line":48,"column":4},"end":{"line":51,"column":7}},"18":{"start":{"line":55,"column":13},"end":{"line":55,"column":37}},"19":{"start":{"line":58,"column":0},"end":{"line":63,"column":1}},"20":{"start":{"line":59,"column":4},"end":{"line":62,"column":7}},"21":{"start":{"line":60,"column":8},"end":{"line":60,"column":57}},"22":{"start":{"line":61,"column":8},"end":{"line":61,"column":80}},"23":{"start":{"line":65,"column":0},"end":{"line":65,"column":21}}},"fnMap":{"0":{"name":"(anonymous_0)","decl":{"start":{"line":18,"column":19},"end":{"line":18,"column":20}},"loc":{"start":{"line":18,"column":33},"end":{"line":25,"column":1}},"line":18},"1":{"name":"(anonymous_1)","decl":{"start":{"line":31,"column":18},"end":{"line":31,"column":19}},"loc":{"start":{"line":31,"column":32},"end":{"line":36,"column":1}},"line":31},"2":{"name":"(anonymous_2)","decl":{"start":{"line":39,"column":13},"end":{"line":39,"column":14}},"loc":{"start":{"line":39,"column":33},"end":{"line":44,"column":1}},"line":39},"3":{"name":"(anonymous_3)","decl":{"start":{"line":47,"column":13},"end":{"line":47,"column":14}},"loc":{"start":{"line":47,"column":27},"end":{"line":52,"column":1}},"line":47},"4":{"name":"(anonymous_4)","decl":{"start":{"line":59,"column":21},"end":{"line":59,"column":22}},"loc":{"start":{"line":59,"column":27},"end":{"line":62,"column":5}},"line":59}},"branchMap":{"0":{"loc":{"start":{"line":23,"column":21},"end":{"line":23,"column":58}},"type":"binary-expr","locations":[{"start":{"line":23,"column":21},"end":{"line":23,"column":41}},{"start":{"line":23,"column":45},"end":{"line":23,"column":58}}],"line":23},"1":{"loc":{"start":{"line":40,"column":4},"end":{"line":42,"column":5}},"type":"if","locations":[{"start":{"line":40,"column":4},"end":{"line":42,"column":5}},{"start":{},"end":{}}],"line":40},"2":{"loc":{"start":{"line":40,"column":8},"end":{"line":40,"column":62}},"type":"binary-expr","locations":[{"start":{"line":40,"column":8},"end":{"line":40,"column":36}},{"start":{"line":40,"column":40},"end":{"line":40,"column":62}}],"line":40},"3":{"loc":{"start":{"line":55,"column":13},"end":{"line":55,"column":37}},"type":"binary-expr","locations":[{"start":{"line":55,"column":13},"end":{"line":55,"column":29}},{"start":{"line":55,"column":33},"end":{"line":55,"column":37}}],"line":55},"4":{"loc":{"start":{"line":58,"column":0},"end":{"line":63,"column":1}},"type":"if","locations":[{"start":{"line":58,"column":0},"end":{"line":63,"column":1}},{"start":{},"end":{}}],"line":58},"5":{"loc":{"start":{"line":61,"column":39},"end":{"line":61,"column":76}},"type":"binary-expr","locations":[{"start":{"line":61,"column":39},"end":{"line":61,"column":59}},{"start":{"line":61,"column":63},"end":{"line":61,"column":76}}],"line":61}},"s":{"0":1,"1":1,"2":1,"3":1,"4":1,"5":1,"6":1,"7":1,"8":1,"9":1,"10":1,"11":1,"12":1,"13":0,"14":0,"15":0,"16":1,"17":0,"18":1,"19":1,"20":0,"21":0,"22":0,"23":1},"f":{"0":1,"1":1,"2":0,"3":0,"4":0},"b":{"0":[1,0],"1":[0,0],"2":[0,0],"3":[1,1],"4":[0,1],"5":[0,0]},"_coverageSchema":"1a1c01bbd47fc00a2c39e90264f33305004495a9","hash":"410804db211f5b44032e77090b0123a9b54d8b1a"}
,"/Users/romulo/Documents/DevOps Software Enginnering/Task3 - Pipeline and Jenkins/backend/src/database.js": {"path":"/Users/romulo/Documents/DevOps Software Enginnering/Task3 - Pipeline and Jenkins/backend/src/database.js","statementMap":{"0":{"start":{"line":1,"column":16},"end":{"line":1,"column":44}},"1":{"start":{"line":2,"column":13},"end":{"line":2,"column":28}},"2":{"start":{"line":4,"column":15},"end":{"line":4,"column":65}},"3":{"start":{"line":7,"column":11},"end":{"line":7,"column":24}},"4":{"start":{"line":8,"column":14},"end":{"line":8,"column":34}},"5":{"start":{"line":9,"column":0},"end":{"line":11,"column":1}},"6":{"start":{"line":10,"column":4},"end":{"line":10,"column":45}},"7":{"start":{"line":13,"column":11},"end":{"line":20,"column":2}},"8":{"start":{"line":14,"column":4},"end":{"line":19,"column":5}},"9":{"start":{"line":15,"column":8},"end":{"line":15,"column":67}},"10":{"start":{"line":17,"column":8},"end":{"line":17,"column":54}},"11":{"start":{"line":18,"column":8},"end":{"line":18,"column":29}},"12":{"start":{"line":23,"column":27},"end":{"line":34,"column":5}},"13":{"start":{"line":36,"column":4},"end":{"line":42,"column":7}},"14":{"start":{"line":37,"column":8},"end":{"line":41,"column":9}},"15":{"start":{"line":38,"column":12},"end":{"line":38,"column":64}},"16":{"start":{"line":40,"column":12},"end":{"line":40,"column":60}},"17":{"start":{"line":45,"column":0},"end":{"line":45,"column":20}}},"fnMap":{"0":{"name":"(anonymous_0)","decl":{"start":{"line":13,"column":40},"end":{"line":13,"column":41}},"loc":{"start":{"line":13,"column":49},"end":{"line":20,"column":1}},"line":13},"1":{"name":"initializeDatabase","decl":{"start":{"line":22,"column":9},"end":{"line":22,"column":27}},"loc":{"start":{"line":22,"column":30},"end":{"line":43,"column":1}},"line":22},"2":{"name":"(anonymous_2)","decl":{"start":{"line":36,"column":27},"end":{"line":36,"column":28}},"loc":{"start":{"line":36,"column":36},"end":{"line":42,"column":5}},"line":36}},"branchMap":{"0":{"loc":{"start":{"line":9,"column":0},"end":{"line":11,"column":1}},"type":"if","locations":[{"start":{"line":9,"column":0},"end":{"line":11,"column":1}},{"start":{},"end":{}}],"line":9},"1":{"loc":{"start":{"line":14,"column":4},"end":{"line":19,"column":5}},"type":"if","locations":[{"start":{"line":14,"column":4},"end":{"line":19,"column":5}},{"start":{"line":16,"column":11},"end":{"line":19,"column":5}}],"line":14},"2":{"loc":{"start":{"line":37,"column":8},"end":{"line":41,"column":9}},"type":"if","locations":[{"start":{"line":37,"column":8},"end":{"line":41,"column":9}},{"start":{"line":39,"column":15},"end":{"line":41,"column":9}}],"line":37}},"s":{"0":1,"1":1,"2":1,"3":1,"4":1,"5":1,"6":0,"7":1,"8":1,"9":0,"10":1,"11":1,"12":1,"13":1,"14":1,"15":0,"16":1,"17":1},"f":{"0":1,"1":1,"2":1},"b":{"0":[0,1],"1":[0,1],"2":[0,1]},"_coverageSchema":"1a1c01bbd47fc00a2c39e90264f33305004495a9","hash":"1d5cc60e7cf1e1d7bacd0ec617efbc8f0287e8b5"}
,"/Users/romulo/Documents/DevOps Software Enginnering/Task3 - Pipeline and Jenkins/backend/src/controllers/taskController.js": {"path":"/Users/romulo/Documents/DevOps Software Enginnering/Task3 - Pipeline and Jenkins/backend/src/controllers/taskController.js","statementMap":{"0":{"start":{"line":1,"column":13},"end":{"line":1,"column":38}},"1":{"start":{"line":5,"column":20},"end":{"line":20,"column":1}},"2":{"start":{"line":6,"column":4},"end":{"line":19,"column":7}},"3":{"start":{"line":7,"column":8},"end":{"line":13,"column":9}},"4":{"start":{"line":8,"column":12},"end":{"line":12,"column":15}},"5":{"start":{"line":14,"column":8},"end":{"line":18,"column":11}},"6":{"start":{"line":24,"column":20},"end":{"line":48,"column":1}},"7":{"start":{"line":25,"column":19},"end":{"line":25,"column":32}},"8":{"start":{"line":27,"column":4},"end":{"line":47,"column":7}},"9":{"start":{"line":28,"column":8},"end":{"line":34,"column":9}},"10":{"start":{"line":29,"column":12},"end":{"line":33,"column":15}},"11":{"start":{"line":36,"column":8},"end":{"line":41,"column":9}},"12":{"start":{"line":37,"column":12},"end":{"line":40,"column":15}},"13":{"start":{"line":43,"column":8},"end":{"line":46,"column":11}},"14":{"start":{"line":52,"column":19},"end":{"line":86,"column":1}},"15":{"start":{"line":53,"column":63},"end":{"line":53,"column":71}},"16":{"start":{"line":56,"column":4},"end":{"line":61,"column":5}},"17":{"start":{"line":57,"column":8},"end":{"line":60,"column":11}},"18":{"start":{"line":63,"column":21},"end":{"line":69,"column":5}},"19":{"start":{"line":71,"column":4},"end":{"line":85,"column":7}},"20":{"start":{"line":72,"column":8},"end":{"line":78,"column":9}},"21":{"start":{"line":73,"column":12},"end":{"line":77,"column":15}},"22":{"start":{"line":80,"column":8},"end":{"line":84,"column":11}},"23":{"start":{"line":90,"column":19},"end":{"line":135,"column":1}},"24":{"start":{"line":91,"column":19},"end":{"line":91,"column":32}},"25":{"start":{"line":92,"column":63},"end":{"line":92,"column":71}},"26":{"start":{"line":95,"column":4},"end":{"line":134,"column":7}},"27":{"start":{"line":96,"column":8},"end":{"line":102,"column":9}},"28":{"start":{"line":97,"column":12},"end":{"line":101,"column":15}},"29":{"start":{"line":104,"column":8},"end":{"line":109,"column":9}},"30":{"start":{"line":105,"column":12},"end":{"line":108,"column":15}},"31":{"start":{"line":111,"column":25},"end":{"line":117,"column":9}},"32":{"start":{"line":119,"column":8},"end":{"line":133,"column":11}},"33":{"start":{"line":120,"column":12},"end":{"line":126,"column":13}},"34":{"start":{"line":121,"column":16},"end":{"line":125,"column":19}},"35":{"start":{"line":128,"column":12},"end":{"line":132,"column":15}},"36":{"start":{"line":139,"column":19},"end":{"line":174,"column":1}},"37":{"start":{"line":140,"column":19},"end":{"line":140,"column":32}},"38":{"start":{"line":143,"column":4},"end":{"line":173,"column":7}},"39":{"start":{"line":144,"column":8},"end":{"line":150,"column":9}},"40":{"start":{"line":145,"column":12},"end":{"line":149,"column":15}},"41":{"start":{"line":152,"column":8},"end":{"line":157,"column":9}},"42":{"start":{"line":153,"column":12},"end":{"line":156,"column":15}},"43":{"start":{"line":159,"column":8},"end":{"line":172,"column":11}},"44":{"start":{"line":160,"column":12},"end":{"line":166,"column":13}},"45":{"start":{"line":161,"column":16},"end":{"line":165,"column":19}},"46":{"start":{"line":168,"column":12},"end":{"line":171,"column":15}},"47":{"start":{"line":178,"column":25},"end":{"line":204,"column":1}},"48":{"start":{"line":179,"column":19},"end":{"line":179,"column":36}},"49":{"start":{"line":180,"column":26},"end":{"line":180,"column":65}},"50":{"start":{"line":182,"column":4},"end":{"line":187,"column":5}},"51":{"start":{"line":183,"column":8},"end":{"line":186,"column":11}},"52":{"start":{"line":189,"column":4},"end":{"line":203,"column":7}},"53":{"start":{"line":190,"column":8},"end":{"line":196,"column":9}},"54":{"start":{"line":191,"column":12},"end":{"line":195,"column":15}},"55":{"start":{"line":198,"column":8},"end":{"line":202,"column":11}},"56":{"start":{"line":206,"column":0},"end":{"line":213,"column":2}}},"fnMap":{"0":{"name":"(anonymous_0)","decl":{"start":{"line":5,"column":20},"end":{"line":5,"column":21}},"loc":{"start":{"line":5,"column":34},"end":{"line":20,"column":1}},"line":5},"1":{"name":"(anonymous_1)","decl":{"start":{"line":6,"column":17},"end":{"line":6,"column":18}},"loc":{"start":{"line":6,"column":33},"end":{"line":19,"column":5}},"line":6},"2":{"name":"(anonymous_2)","decl":{"start":{"line":24,"column":20},"end":{"line":24,"column":21}},"loc":{"start":{"line":24,"column":34},"end":{"line":48,"column":1}},"line":24},"3":{"name":"(anonymous_3)","decl":{"start":{"line":27,"column":26},"end":{"line":27,"column":27}},"loc":{"start":{"line":27,"column":41},"end":{"line":47,"column":5}},"line":27},"4":{"name":"(anonymous_4)","decl":{"start":{"line":52,"column":19},"end":{"line":52,"column":20}},"loc":{"start":{"line":52,"column":33},"end":{"line":86,"column":1}},"line":52},"5":{"name":"(anonymous_5)","decl":{"start":{"line":71,"column":26},"end":{"line":71,"column":27}},"loc":{"start":{"line":71,"column":41},"end":{"line":85,"column":5}},"line":71},"6":{"name":"(anonymous_6)","decl":{"start":{"line":90,"column":19},"end":{"line":90,"column":20}},"loc":{"start":{"line":90,"column":33},"end":{"line":135,"column":1}},"line":90},"7":{"name":"(anonymous_7)","decl":{"start":{"line":95,"column":26},"end":{"line":95,"column":27}},"loc":{"start":{"line":95,"column":49},"end":{"line":134,"column":5}},"line":95},"8":{"name":"(anonymous_8)","decl":{"start":{"line":119,"column":38},"end":{"line":119,"column":39}},"loc":{"start":{"line":119,"column":53},"end":{"line":133,"column":9}},"line":119},"9":{"name":"(anonymous_9)","decl":{"start":{"line":139,"column":19},"end":{"line":139,"column":20}},"loc":{"start":{"line":139,"column":33},"end":{"line":174,"column":1}},"line":139},"10":{"name":"(anonymous_10)","decl":{"start":{"line":143,"column":26},"end":{"line":143,"column":27}},"loc":{"start":{"line":143,"column":49},"end":{"line":173,"column":5}},"line":143},"11":{"name":"(anonymous_11)","decl":{"start":{"line":159,"column":28},"end":{"line":159,"column":29}},"loc":{"start":{"line":159,"column":37},"end":{"line":172,"column":9}},"line":159},"12":{"name":"(anonymous_12)","decl":{"start":{"line":178,"column":25},"end":{"line":178,"column":26}},"loc":{"start":{"line":178,"column":39},"end":{"line":204,"column":1}},"line":178},"13":{"name":"(anonymous_13)","decl":{"start":{"line":189,"column":30},"end":{"line":189,"column":31}},"loc":{"start":{"line":189,"column":46},"end":{"line":203,"column":5}},"line":189}},"branchMap":{"0":{"loc":{"start":{"line":7,"column":8},"end":{"line":13,"column":9}},"type":"if","locations":[{"start":{"line":7,"column":8},"end":{"line":13,"column":9}},{"start":{},"end":{}}],"line":7},"1":{"loc":{"start":{"line":28,"column":8},"end":{"line":34,"column":9}},"type":"if","locations":[{"start":{"line":28,"column":8},"end":{"line":34,"column":9}},{"start":{},"end":{}}],"line":28},"2":{"loc":{"start":{"line":36,"column":8},"end":{"line":41,"column":9}},"type":"if","locations":[{"start":{"line":36,"column":8},"end":{"line":41,"column":9}},{"start":{},"end":{}}],"line":36},"3":{"loc":{"start":{"line":56,"column":4},"end":{"line":61,"column":5}},"type":"if","locations":[{"start":{"line":56,"column":4},"end":{"line":61,"column":5}},{"start":{},"end":{}}],"line":56},"4":{"loc":{"start":{"line":65,"column":21},"end":{"line":65,"column":38}},"type":"binary-expr","locations":[{"start":{"line":65,"column":21},"end":{"line":65,"column":32}},{"start":{"line":65,"column":36},"end":{"line":65,"column":38}}],"line":65},"5":{"loc":{"start":{"line":66,"column":16},"end":{"line":66,"column":35}},"type":"binary-expr","locations":[{"start":{"line":66,"column":16},"end":{"line":66,"column":22}},{"start":{"line":66,"column":26},"end":{"line":66,"column":35}}],"line":66},"6":{"loc":{"start":{"line":67,"column":18},"end":{"line":67,"column":38}},"type":"binary-expr","locations":[{"start":{"line":67,"column":18},"end":{"line":67,"column":26}},{"start":{"line":67,"column":30},"end":{"line":67,"column":38}}],"line":67},"7":{"loc":{"start":{"line":68,"column":18},"end":{"line":68,"column":34}},"type":"binary-expr","locations":[{"start":{"line":68,"column":18},"end":{"line":68,"column":26}},{"start":{"line":68,"column":30},"end":{"line":68,"column":34}}],"line":68},"8":{"loc":{"start":{"line":72,"column":8},"end":{"line":78,"column":9}},"type":"if","locations":[{"start":{"line":72,"column":8},"end":{"line":78,"column":9}},{"start":{},"end":{}}],"line":72},"9":{"loc":{"start":{"line":96,"column":8},"end":{"line":102,"column":9}},"type":"if","locations":[{"start":{"line":96,"column":8},"end":{"line":102,"column":9}},{"start":{},"end":{}}],"line":96},"10":{"loc":{"start":{"line":104,"column":8},"end":{"line":109,"column":9}},"type":"if","locations":[{"start":{"line":104,"column":8},"end":{"line":109,"column":9}},{"start":{},"end":{}}],"line":104},"11":{"loc":{"start":{"line":112,"column":19},"end":{"line":112,"column":46}},"type":"binary-expr","locations":[{"start":{"line":112,"column":19},"end":{"line":112,"column":24}},{"start":{"line":112,"column":28},"end":{"line":112,"column":46}}],"line":112},"12":{"loc":{"start":{"line":113,"column":25},"end":{"line":113,"column":91}},"type":"cond-expr","locations":[{"start":{"line":113,"column":53},"end":{"line":113,"column":64}},{"start":{"line":113,"column":67},"end":{"line":113,"column":91}}],"line":113},"13":{"loc":{"start":{"line":114,"column":20},"end":{"line":114,"column":49}},"type":"binary-expr","locations":[{"start":{"line":114,"column":20},"end":{"line":114,"column":26}},{"start":{"line":114,"column":30},"end":{"line":114,"column":49}}],"line":114},"14":{"loc":{"start":{"line":115,"column":22},"end":{"line":115,"column":55}},"type":"binary-expr","locations":[{"start":{"line":115,"column":22},"end":{"line":115,"column":30}},{"start":{"line":115,"column":34},"end":{"line":115,"column":55}}],"line":115},"15":{"loc":{"start":{"line":116,"column":22},"end":{"line":116,"column":79}},"type":"cond-expr","locations":[{"start":{"line":116,"column":47},"end":{"line":116,"column":55}},{"start":{"line":116,"column":58},"end":{"line":116,"column":79}}],"line":116},"16":{"loc":{"start":{"line":120,"column":12},"end":{"line":126,"column":13}},"type":"if","locations":[{"start":{"line":120,"column":12},"end":{"line":126,"column":13}},{"start":{},"end":{}}],"line":120},"17":{"loc":{"start":{"line":144,"column":8},"end":{"line":150,"column":9}},"type":"if","locations":[{"start":{"line":144,"column":8},"end":{"line":150,"column":9}},{"start":{},"end":{}}],"line":144},"18":{"loc":{"start":{"line":152,"column":8},"end":{"line":157,"column":9}},"type":"if","locations":[{"start":{"line":152,"column":8},"end":{"line":157,"column":9}},{"start":{},"end":{}}],"line":152},"19":{"loc":{"start":{"line":160,"column":12},"end":{"line":166,"column":13}},"type":"if","locations":[{"start":{"line":160,"column":12},"end":{"line":166,"column":13}},{"start":{},"end":{}}],"line":160},"20":{"loc":{"start":{"line":182,"column":4},"end":{"line":187,"column":5}},"type":"if","locations":[{"start":{"line":182,"column":4},"end":{"line":187,"column":5}},{"start":{},"end":{}}],"line":182},"21":{"loc":{"start":{"line":190,"column":8},"end":{"line":196,"column":9}},"type":"if","locations":[{"start":{"line":190,"column":8},"end":{"line":196,"column":9}},{"start":{},"end":{}}],"line":190}},"s":{"0":1,"1":1,"2":1,"3":1,"4":0,"5":1,"6":1,"7":3,"8":3,"9":3,"10":0,"11":3,"12":2,"13":1,"14":1,"15":15,"16":15,"17":1,"18":14,"19":14,"20":14,"21":0,"22":14,"23":1,"24":2,"25":2,"26":2,"27":2,"28":0,"29":2,"30":1,"31":1,"32":1,"33":1,"34":0,"35":1,"36":1,"37":2,"38":2,"39":2,"40":0,"41":2,"42":1,"43":1,"44":1,"45":0,"46":1,"47":1,"48":2,"49":2,"50":2,"51":1,"52":1,"53":1,"54":0,"55":1,"56":1},"f":{"0":1,"1":1,"2":3,"3":3,"4":15,"5":14,"6":2,"7":2,"8":1,"9":2,"10":2,"11":1,"12":2,"13":1},"b":{"0":[0,1],"1":[0,3],"2":[2,1],"3":[1,14],"4":[14,13],"5":[14,6],"6":[14,13],"7":[14,14],"8":[0,14],"9":[0,2],"10":[1,1],"11":[1,0],"12":[1,0],"13":[1,0],"14":[1,0],"15":[0,1],"16":[0,1],"17":[0,2],"18":[1,1],"19":[0,1],"20":[1,1],"21":[0,1]},"_coverageSchema":"1a1c01bbd47fc00a2c39e90264f33305004495a9","hash":"110d30c8f5c0526fda0383d762f27bc9ee2d5878"}
,"/Users/romulo/Documents/DevOps Software Enginnering/Task3 - Pipeline and Jenkins/backend/src/models/Task.js": {"path":"/Users/romulo/Documents/DevOps Software Enginnering/Task3 - Pipeline and Jenkins/backend/src/models/Task.js","statementMap":{"0":{"start":{"line":1,"column":11},"end":{"line":1,"column":33}},"1":{"start":{"line":6,"column":67},"end":{"line":6,"column":75}},"2":{"start":{"line":7,"column":20},"end":{"line":8,"column":44}},"3":{"start":{"line":10,"column":8},"end":{"line":17,"column":11}},"4":{"start":{"line":11,"column":12},"end":{"line":16,"column":13}},"5":{"start":{"line":12,"column":16},"end":{"line":12,"column":36}},"6":{"start":{"line":15,"column":16},"end":{"line":15,"column":53}},"7":{"start":{"line":22,"column":20},"end":{"line":22,"column":66}},"8":{"start":{"line":23,"column":8},"end":{"line":23,"column":34}},"9":{"start":{"line":28,"column":20},"end":{"line":28,"column":54}},"10":{"start":{"line":29,"column":8},"end":{"line":29,"column":36}},"11":{"start":{"line":34,"column":67},"end":{"line":34,"column":75}},"12":{"start":{"line":35,"column":20},"end":{"line":38,"column":34}},"13":{"start":{"line":40,"column":8},"end":{"line":46,"column":11}},"14":{"start":{"line":41,"column":12},"end":{"line":45,"column":13}},"15":{"start":{"line":42,"column":16},"end":{"line":42,"column":36}},"16":{"start":{"line":44,"column":16},"end":{"line":44,"column":44}},"17":{"start":{"line":51,"column":20},"end":{"line":51,"column":52}},"18":{"start":{"line":52,"column":8},"end":{"line":52,"column":36}},"19":{"start":{"line":57,"column":20},"end":{"line":57,"column":83}},"20":{"start":{"line":58,"column":8},"end":{"line":58,"column":40}},"21":{"start":{"line":62,"column":0},"end":{"line":62,"column":22}}},"fnMap":{"0":{"name":"(anonymous_0)","decl":{"start":{"line":5,"column":4},"end":{"line":5,"column":5}},"loc":{"start":{"line":5,"column":38},"end":{"line":18,"column":5}},"line":5},"1":{"name":"(anonymous_1)","decl":{"start":{"line":10,"column":70},"end":{"line":10,"column":71}},"loc":{"start":{"line":10,"column":84},"end":{"line":17,"column":9}},"line":10},"2":{"name":"(anonymous_2)","decl":{"start":{"line":21,"column":4},"end":{"line":21,"column":5}},"loc":{"start":{"line":21,"column":29},"end":{"line":24,"column":5}},"line":21},"3":{"name":"(anonymous_3)","decl":{"start":{"line":27,"column":4},"end":{"line":27,"column":5}},"loc":{"start":{"line":27,"column":34},"end":{"line":30,"column":5}},"line":27},"4":{"name":"(anonymous_4)","decl":{"start":{"line":33,"column":4},"end":{"line":33,"column":5}},"loc":{"start":{"line":33,"column":42},"end":{"line":47,"column":5}},"line":33},"5":{"name":"(anonymous_5)","decl":{"start":{"line":40,"column":74},"end":{"line":40,"column":75}},"loc":{"start":{"line":40,"column":88},"end":{"line":46,"column":9}},"line":40},"6":{"name":"(anonymous_6)","decl":{"start":{"line":50,"column":4},"end":{"line":50,"column":5}},"loc":{"start":{"line":50,"column":32},"end":{"line":53,"column":5}},"line":50},"7":{"name":"(anonymous_7)","decl":{"start":{"line":56,"column":4},"end":{"line":56,"column":5}},"loc":{"start":{"line":56,"column":42},"end":{"line":59,"column":5}},"line":56}},"branchMap":{"0":{"loc":{"start":{"line":11,"column":12},"end":{"line":16,"column":13}},"type":"if","locations":[{"start":{"line":11,"column":12},"end":{"line":16,"column":13}},{"start":{"line":13,"column":19},"end":{"line":16,"column":13}}],"line":11},"1":{"loc":{"start":{"line":41,"column":12},"end":{"line":45,"column":13}},"type":"if","locations":[{"start":{"line":41,"column":12},"end":{"line":45,"column":13}},{"start":{"line":43,"column":19},"end":{"line":45,"column":13}}],"line":41}},"s":{"0":1,"1":14,"2":14,"3":14,"4":14,"5":0,"6":14,"7":1,"8":1,"9":22,"10":22,"11":1,"12":1,"13":1,"14":1,"15":0,"16":1,"17":1,"18":1,"19":1,"20":1,"21":1},"f":{"0":14,"1":14,"2":1,"3":22,"4":1,"5":1,"6":1,"7":1},"b":{"0":[0,14],"1":[0,1]},"_coverageSchema":"1a1c01bbd47fc00a2c39e90264f33305004495a9","hash":"2fdcdc71f374f66b1a3bb831366d1d28241eead6"}
,"/Users/romulo/Documents/DevOps Software Enginnering/Task3 - Pipeline and Jenkins/backend/src/routes/tasks.js": {"path":"/Users/romulo/Documents/DevOps Software Enginnering/Task3 - Pipeline and Jenkins/backend/src/routes/tasks.js","statementMap":{"0":{"start":{"line":1,"column":16},"end":{"line":1,"column":34}},"1":{"start":{"line":2,"column":15},"end":{"line":2,"column":31}},"2":{"start":{"line":10,"column":4},"end":{"line":10,"column":44}},"3":{"start":{"line":14,"column":0},"end":{"line":14,"column":29}},"4":{"start":{"line":18,"column":0},"end":{"line":18,"column":48}},"5":{"start":{"line":22,"column":0},"end":{"line":22,"column":32}},"6":{"start":{"line":26,"column":0},"end":{"line":26,"column":29}},"7":{"start":{"line":30,"column":0},"end":{"line":30,"column":31}},"8":{"start":{"line":34,"column":0},"end":{"line":34,"column":34}},"9":{"start":{"line":36,"column":0},"end":{"line":36,"column":24}}},"fnMap":{},"branchMap":{},"s":{"0":1,"1":1,"2":1,"3":1,"4":1,"5":1,"6":1,"7":1,"8":1,"9":1},"f":{},"b":{},"_coverageSchema":"1a1c01bbd47fc00a2c39e90264f33305004495a9","hash":"39eee218efad9d095d7fd641f42d80dfacf6f827"}
}
