TN:
SF:src/app.js
FN:18,(anonymous_0)
FN:31,(anonymous_1)
FN:39,(anonymous_2)
FN:47,(anonymous_3)
FN:59,(anonymous_4)
FNF:5
FNH:2
FNDA:1,(anonymous_0)
FNDA:1,(anonymous_1)
FNDA:0,(anonymous_2)
FNDA:0,(anonymous_3)
FNDA:0,(anonymous_4)
DA:1,1
DA:2,1
DA:3,1
DA:5,1
DA:8,1
DA:12,1
DA:15,1
DA:18,1
DA:19,1
DA:28,1
DA:31,1
DA:32,1
DA:39,1
DA:40,0
DA:41,0
DA:43,0
DA:47,1
DA:48,0
DA:55,1
DA:58,1
DA:59,0
DA:60,0
DA:61,0
DA:65,1
LF:24
LH:17
BRDA:23,0,0,1
BRDA:23,0,1,0
BRDA:40,1,0,0
BRDA:40,1,1,0
BRDA:40,2,0,0
BRDA:40,2,1,0
BRDA:55,3,0,1
BRDA:55,3,1,1
BRDA:58,4,0,0
BRDA:58,4,1,1
BRDA:61,5,0,0
BRDA:61,5,1,0
BRF:12
BRH:4
end_of_record
TN:
SF:src/database.js
FN:13,(anonymous_0)
FN:22,initializeDatabase
FN:36,(anonymous_2)
FNF:3
FNH:3
FNDA:2,(anonymous_0)
FNDA:2,initializeDatabase
FNDA:2,(anonymous_2)
DA:1,2
DA:2,2
DA:4,2
DA:7,2
DA:8,2
DA:9,2
DA:10,0
DA:13,2
DA:14,2
DA:15,0
DA:17,2
DA:18,2
DA:23,2
DA:36,2
DA:37,2
DA:38,0
DA:40,2
DA:45,2
LF:18
LH:15
BRDA:9,0,0,0
BRDA:9,0,1,2
BRDA:14,1,0,0
BRDA:14,1,1,2
BRDA:37,2,0,0
BRDA:37,2,1,2
BRF:6
BRH:3
end_of_record
TN:
SF:src/controllers/taskController.js
FN:5,(anonymous_0)
FN:6,(anonymous_1)
FN:24,(anonymous_2)
FN:27,(anonymous_3)
FN:52,(anonymous_4)
FN:71,(anonymous_5)
FN:90,(anonymous_6)
FN:95,(anonymous_7)
FN:119,(anonymous_8)
FN:139,(anonymous_9)
FN:143,(anonymous_10)
FN:159,(anonymous_11)
FN:178,(anonymous_12)
FN:189,(anonymous_13)
FNF:14
FNH:14
FNDA:1,(anonymous_0)
FNDA:1,(anonymous_1)
FNDA:3,(anonymous_2)
FNDA:3,(anonymous_3)
FNDA:15,(anonymous_4)
FNDA:14,(anonymous_5)
FNDA:2,(anonymous_6)
FNDA:2,(anonymous_7)
FNDA:1,(anonymous_8)
FNDA:2,(anonymous_9)
FNDA:2,(anonymous_10)
FNDA:1,(anonymous_11)
FNDA:2,(anonymous_12)
FNDA:1,(anonymous_13)
DA:1,1
DA:5,1
DA:6,1
DA:7,1
DA:8,0
DA:14,1
DA:24,1
DA:25,3
DA:27,3
DA:28,3
DA:29,0
DA:36,3
DA:37,2
DA:43,1
DA:52,1
DA:53,15
DA:56,15
DA:57,1
DA:63,14
DA:71,14
DA:72,14
DA:73,0
DA:80,14
DA:90,1
DA:91,2
DA:92,2
DA:95,2
DA:96,2
DA:97,0
DA:104,2
DA:105,1
DA:111,1
DA:119,1
DA:120,1
DA:121,0
DA:128,1
DA:139,1
DA:140,2
DA:143,2
DA:144,2
DA:145,0
DA:152,2
DA:153,1
DA:159,1
DA:160,1
DA:161,0
DA:168,1
DA:178,1
DA:179,2
DA:180,2
DA:182,2
DA:183,1
DA:189,1
DA:190,1
DA:191,0
DA:198,1
DA:206,1
LF:57
LH:49
BRDA:7,0,0,0
BRDA:7,0,1,1
BRDA:28,1,0,0
BRDA:28,1,1,3
BRDA:36,2,0,2
BRDA:36,2,1,1
BRDA:56,3,0,1
BRDA:56,3,1,14
BRDA:65,4,0,14
BRDA:65,4,1,13
BRDA:66,5,0,14
BRDA:66,5,1,6
BRDA:67,6,0,14
BRDA:67,6,1,13
BRDA:68,7,0,14
BRDA:68,7,1,14
BRDA:72,8,0,0
BRDA:72,8,1,14
BRDA:96,9,0,0
BRDA:96,9,1,2
BRDA:104,10,0,1
BRDA:104,10,1,1
BRDA:112,11,0,1
BRDA:112,11,1,0
BRDA:113,12,0,1
BRDA:113,12,1,0
BRDA:114,13,0,1
BRDA:114,13,1,0
BRDA:115,14,0,1
BRDA:115,14,1,0
BRDA:116,15,0,0
BRDA:116,15,1,1
BRDA:120,16,0,0
BRDA:120,16,1,1
BRDA:144,17,0,0
BRDA:144,17,1,2
BRDA:152,18,0,1
BRDA:152,18,1,1
BRDA:160,19,0,0
BRDA:160,19,1,1
BRDA:182,20,0,1
BRDA:182,20,1,1
BRDA:190,21,0,0
BRDA:190,21,1,1
BRF:44
BRH:31
end_of_record
TN:
SF:src/models/Task.js
FN:5,(anonymous_0)
FN:10,(anonymous_1)
FN:21,(anonymous_2)
FN:27,(anonymous_3)
FN:33,(anonymous_4)
FN:40,(anonymous_5)
FN:50,(anonymous_6)
FN:56,(anonymous_7)
FNF:8
FNH:8
FNDA:14,(anonymous_0)
FNDA:14,(anonymous_1)
FNDA:1,(anonymous_2)
FNDA:22,(anonymous_3)
FNDA:1,(anonymous_4)
FNDA:1,(anonymous_5)
FNDA:1,(anonymous_6)
FNDA:1,(anonymous_7)
DA:1,1
DA:6,14
DA:7,14
DA:10,14
DA:11,14
DA:12,0
DA:15,14
DA:22,1
DA:23,1
DA:28,22
DA:29,22
DA:34,1
DA:35,1
DA:40,1
DA:41,1
DA:42,0
DA:44,1
DA:51,1
DA:52,1
DA:57,1
DA:58,1
DA:62,1
LF:22
LH:20
BRDA:11,0,0,0
BRDA:11,0,1,14
BRDA:41,1,0,0
BRDA:41,1,1,1
BRF:4
BRH:2
end_of_record
TN:
SF:src/routes/tasks.js
FNF:0
FNH:0
DA:1,1
DA:2,1
DA:10,1
DA:14,1
DA:18,1
DA:22,1
DA:26,1
DA:30,1
DA:34,1
DA:36,1
LF:10
LH:10
BRF:0
BRH:0
end_of_record
