TN:
SF:src/app.js
FN:18,(anonymous_0)
FN:31,(anonymous_1)
FN:39,(anonymous_2)
FN:47,(anonymous_3)
FN:59,(anonymous_4)
FNF:5
FNH:4
FNDA:3,(anonymous_0)
FNDA:6,(anonymous_1)
FNDA:3,(anonymous_2)
FNDA:1,(anonymous_3)
FNDA:0,(anonymous_4)
DA:1,1
DA:2,1
DA:3,1
DA:5,1
DA:8,1
DA:12,1
DA:15,1
DA:18,1
DA:19,3
DA:28,1
DA:31,1
DA:32,6
DA:39,1
DA:40,3
DA:41,2
DA:43,1
DA:47,1
DA:48,1
DA:55,1
DA:58,1
DA:59,0
DA:60,0
DA:61,0
DA:65,1
LF:24
LH:21
BRDA:23,0,0,3
BRDA:23,0,1,0
BRDA:40,1,0,2
BRDA:40,1,1,1
BRDA:40,2,0,3
BRDA:40,2,1,2
BRDA:55,3,0,1
BRDA:55,3,1,1
BRDA:58,4,0,0
BRDA:58,4,1,1
BRDA:61,5,0,0
BRDA:61,5,1,0
BRF:12
BRH:8
end_of_record
